Arguments: 
  C:\Program Files\nodejs\node.exe C:\Program Files (x86)\Yarn\bin\yarn.js

PATH: 
  C:\Users\zohai\bin;C:\Program Files\Git\mingw64\bin;C:\Program Files\Git\usr\local\bin;C:\Program Files\Git\usr\bin;C:\Program Files\Git\usr\bin;C:\Program Files\Git\cmd;C:\Program Files\Git\usr\bin;C:\Program Files\ConEmu\ConEmu\Scripts;C:\Program Files\ConEmu;C:\Program Files\ConEmu\ConEmu;C:\Users\zohai\Downloads\curl-7.73.0_3-win64-mingw\curl-7.73.0_3-win64-mingw\bin;C:\WINDOWS\system32;C:\WINDOWS;C:\WINDOWS\System32\Wbem;C:\WINDOWS\System32\WindowsPowerShell\v1.0;C:\WINDOWS\System32\OpenSSH;C:\Program Files\Git\cmd;C:\ProgramData\chocolatey\bin;C:\Program Files (x86)\Yarn\bin;C:\Program Files (x86)\Yarn\bin;C:\Program Files\nodejs;C:\Program Files\PostgreSQL\13\bin;C:\Program Files\Docker\Docker\resources\bin;C:\ProgramData\DockerDesktop\version-bin;C:\Users\zohai\AppData\Local\Microsoft\WindowsApps;C:\Users\zohai\AppData\Local\Programs\Microsoft VS Code\bin;C:\Users\zohai\AppData\Local\Yarn\bin;C:\Users\zohai\AppData\Roaming\npm;C:\Program Files\Git\usr\bin\vendor_perl;C:\Program Files\Git\usr\bin\core_perl

Yarn version: 
  1.22.5

Node version: 
  14.13.0

Platform: 
  win32 x64

Trace: 
  Error: getaddrinfo ENOTFOUND registry.yarnpkg.com
      at GetAddrInfoReqWrap.onlookup [as oncomplete] (dns.js:67:26)

npm manifest: 
  {
      "name": "orders",
      "version": "1.0.0",
      "description": "",
      "main": "index.js",
      "scripts": {
          "start": "ts-node-dev --rs src/index.ts",
          "test": "jest --watchAll --no-cache"
      },
      "jest": {
          "preset": "ts-jest",
          "testEnvironment": "node",
          "setupFilesAfterEnv": [
              "./src/tests/setup.ts"
          ]
      },
      "keywords": [],
      "author": "",
      "license": "ISC",
      "dependencies": {
          "@types/cookie-session": "^2.0.42",
          "@types/cors": "^2.8.9",
          "@types/express": "^4.17.11",
          "@types/jsonwebtoken": "^8.5.0",
          "@types/mongoose": "^5.10.3",
          "@zbtickets/common": "^1.0.2",
          "body-parser": "^1.19.0",
          "cookie-session": "^1.4.0",
          "cors": "^2.8.5",
          "crypto": "^1.0.1",
          "express": "^4.17.1",
          "express-async-errors": "^3.1.1",
          "express-validator": "^6.9.2",
          "joi": "^17.3.0",
          "jsonwebtoken": "^8.5.1",
          "mongoose": "^5.11.13",
          "node-nats-streaming": "^0.3.2",
          "ts-node-dev": "^1.1.1",
          "typescript": "^4.1.3"
      },
      "devDependencies": {
          "@types/jest": "^26.0.20",
          "@types/supertest": "^2.0.10",
          "jest": "^26.6.3",
          "mongodb-memory-server": "^6.9.3",
          "supertest": "^6.1.2",
          "ts-jest": "^26.4.4"
      }
  }

yarn manifest: 
  No manifest

Lockfile: 
  No lockfile
